Words Found Grid #1:
ladron
ladrons
pliant
pliantness
nail
ness
sent
slot
sima
simar
hasp
elves
selves
nonselves
dree
arms
ager
farm
farms
push
supe
super
superfarm
superfarms
mono
mononucleate
refs
runs
rent
snack
amis
cans
rutile
trap
rape
raped
aped
part
depart
departee
dries
egis
neem
rami
rice
ricer
utile
knot
nerd
mean
mono
monofil
tile
tiler
tilers
wows
nucleate
nucleated
hack
circle
circles
kier
kiers
style
styler
bars
whack
litu
runs
cleat
cleated
recircle
recircles
anes
ruga
tret
trug
ados
rick
near
tain
detain
hunk
hunkier
dues
relit
lawn
tenet
sign
signer
signers
sone
dawk
stye
styed
trick
samba
sambar
sambars
wary
grab
slaw
erns
lins
strick
burl
burlesquing
eagle
aryl
effuse
effused
rely
resign
resigner
resigners
soda
emir
intrastate
rime
repo
report
reporter
sett
tael
byrl
byrls
puss
segni
less
figs
fuse
fused
sols
yare
tenet
clef
port
porter
used
post
postmodern
hern
hock
sati
effs
sews
isms
sels
coos
nema
harl
inwind
inwinds
fess
down
rope
roper
dewy
tael
sals
shot
secs
chin
stat
state
shin
sill
quin
trop
trope
limit
otic
tsar
tate
wind
winds
hens
noil
span
naps
whit
white
tahr
eats
ring
rile
toes
mode
modern
dolt
dolts
amen
tame
retro
pepo
hint
hints
mild
mildew
mildewy
fringe
fringes
ictic
jism
jisms
tats
nail
egal
pili
dirt
disc
sing
slim
cads
nils
neif
isms
pelf
pelfs
parr
lion
thio
zeds
lits
lien
rewed
infringe
infringes
tics
lull
weigh
weight
eight
hist
redo
fans
isle
mils
pied
rill
mend
apolog
ewer
lark
larked
skylark
skylarked
mend
lyse
lyses
drill
heal
polo
shot
meat
yams
dunt
ness
glom
nobbiest
ides
serf
gled
gleds
grue
like
kirs
owse
docs
quad
quadrillion
dull
dulls
mesa
guid
guide
guides
hows
toit
break
rare
chow
chows
chowse
chowses
runs
duct
tail
folia
foliate
perfoliate
misguide
misguides
educt
diss
dissert
disserts
tress
stress
recur
recurs
curs
skep
Words Found Grid #2:
soak
soaker
soakers
inane
inaneness
inti
anis
nene
ness
sene
serf
join
joining
conjoin
conjoining
mums
soot
hood
pigs
dows
dahs
moos
mote
motes
piffling
fling
ling
mill
airn
force
foin
mair
yoke
tape
tele
felt
gama
shri
shad
shadow
shadows
opes
amaze
chin
pats
hire
hires
posh
deed
deeds
maze
estuary
ires
work
workforce
kaes
trass
relet
sels
spit
sewn
arse
asset
silo
prig
urge
urges
nett
desk
desks
deed
usher
hoar
hoard
sari
wens
rued
sone
annul
aria
tips
nest
news
grue
tans
here
sera
seral
inter
cannula
cannulas
calk
tang
toon
gosh
gnat
will
spar
wont
nows
rale
pool
ling
heal
heals
sops
post
pard
owns
yare
ares
eger
fling
fits
apse
lares
crew
raps
hull
ullage
ullaged
aged
gall
gums
egal
coly
loop
wisp
ocker
stifling
stiflingly
wren
bred
ling
lings
flies
lock
locker
lies
silo
guns
gunsel
gunsels
rets
rend
lees
seel
bedel
sins
smug
tass
fish
fishpond
fishponds
pond
ponds
user
prog
snug
sels
rins
sterling
sterlings
numb
numbed
sris
rets
tret
trets
stoa
whet
ting
tings
ogam
furl
fist
fists
rile
legs
game
gamed
gorp
ness
sine
lati
lord
twit
hong
agog
sirs
sall
lyes
tyke
blat
hail
bass
bassi
sing
ably
metre
pias
sublating
demagog
pois
pyrolyze
pyrolyzer
pyrolyzers
lory
subs
sill
poll
poly
polynya
polynyas
nose
ping
upping
town
hant
shanty
shantytown
lash
clash
kiss
kissably
nose
noses
oses
Words Found Grid #3:
over
overestimate
spur
spurrer
spurrers
bros
rota
purr
galumph
galumphed
alum
lump
mast
dene
dene
errs
fizz
fizzes
toss
cees
rest
senna
glia
knew
phut
phuts
sorb
shea
gasp
digs
estimate
esses
reef
jimp
data
huts
tiff
anis
anise
anises
anis
sere
ness
nesses
gelt
dead
deads
sues
aphasia
aphasias
togs
wits
anti
antic
anticlimax
bort
trull
wait
base
baser
sues
jugs
tail
leno
oars
haem
mate
haem
odds
nodi
robs
tabu
tabulator
lean
leanness
leannesses
lech
jarl
dimwit
dimwits
leas
sine
song
nisi
noms
rift
fire
firebug
track
tracks
tracksuit
tracksuits
courlan
climax
prussianise
prussianises
pram
case
refs
slew
rack
racks
tufa
lima
amir
mils
enter
molt
tike
caleche
caleches
alec
lech
leches
eche
eches
chess
hell
same
feria
cart
beam
cine
cines
coss
aiglet
twit
slim
kist
suit
suits
saps
tiling
tire
crypt
unsparing
unsparingly
with
pecs
versa
punk
amok
erne
gunfire
gunfires
nite
nits
fire
fires
ires
serif
over
overs
rose
lits
ling
wich
snag
smut
spar
sparing
sparingly
trek
cove
cover
covers
arvo
arvos
bath
bathe
spas
scot
wink
area
areae
ghat
plea
pleat
paring
eath
tael
then
elks
talk
priss
peri
fern
alts
lens
unco
uncover
uncovers
pigweed
relent
nude
wash
salon
raps
ring
kata
tokomak
ways
eyre
wich
mise
auto
tori
refs
away
ably
bell
leaf
lent
aura
auras
dais
daisy
tolu
weed
deco
exes
ewes
enter
look
hogg
unlay
teth
nets
dottier
coke
lord
racy
lags
hone
hols
tear
tearaway
tearaways
cine
regather
regathers
jars
cull
tier
card
defi
rife
hers
nibble
nibbler
nibblers
gather
gathers
nest
view
ager
snag
keycard
wins
chid
agin
aging
twin
twins
hies
hers
heck
acta
call
tack
catcall
magi
ring
blip
eons
loch
sing
sings
nisi
gems
gemsbuck
buck
cubs
kris
imaging
lehr
gelt
glochid
veal
ghis
bail
Words Found Grid #4:
rhos
merozoite
merozoites
wench
snap
hoke
simmer
pawn
tone
tonetic
tonetics
etic
tics
cite
snare
rota
wage
suqs
crew
chang
pluck
pluckily
lack
luck
luckily
wend
wends
dawing
peer
pans
bees
area
hang
calm
torr
torr
ends
ants
awing
vast
then
reap
acme
aahs
soot
soots
orris
tome
omen
motion
motional
meno
emotion
emotional
newt
newts
none
nonemotional
wham
wing
shri
shrieve
curr
curring
paper
papers
elds
eves
soma
mead
lacs
hats
oots
cris
tardy
tardyon
tardyons
aper
apers
scat
sedan
ghat
ghats
sail
sane
cuss
ting
task
tups
perse
mane
manes
ammo
cast
tola
rato
ring
anes
anes
ghee
sigh
fisc
body
skid
pend
pends
oust
dons
drat
dado
sati
satin
sating
nest
shes
spae
audit
audition
auditioned
sris
ends
rams
knap
knaps
naps
span
spank
spanker
spankers
bolo
otic
lobs
boil
enfetter
enfettering
fetter
fettering
tofu
ring
rise
ordo
buss
rifle
rifled
heel
then
confiscator
arcus
coda
resid
seen
doby
expect
expectative
tape
uses
sear
icon
kina
puts
sirs
sett
chin
fees
fled
duck
geek
geeks
gnar
pats
gies
this
cask
cross
crosse
crosser
custard
custards
hets
piste
lithe
pats
pens
hade
gens
blin
blind
blinding
pain
lyse
sorn
band
bander
banderol
banderole
very
seen
apes
arts
sacs
star
delf
rang
nabs
said
girl
sial
sing
sett
test
seta
ates
lord
hydro
hydrolyzate
hydrolyzates
skee
nine
dews
rank
tads
helm
helms
ding
strang
laps
alme
palm
palmed
nisi
crew
sets
rats
rerun
sial
semi
slot
cart
elms
role
drat
drats
spiv
lown
erst
cake
anew
knar
knars
tress
vita
lore
bled
sers
kane
stress
stressor
wear
wearied
outwear
outwearied
ling
tact
pecs
pettling
Words Found Grid #5:
sutra
sits
gene
generous
been
eche
smear
smearer
smearers
squat
squats
nonpar
nonpareil
nonpareils
dyed
moon
moons
fist
tent
cats
trap
turn
turnhall
turnhalls
lock
colt
coin
tike
tils
haem
haik
stake
staked
nets
arse
arses
wrap
raphe
ache
aphetic
hags
etic
cite
mana
hose
pare
dite
take
reek
eras
akee
weak
tweak
sims
stem
sned
rash
part
pail
prior
slit
agha
cent
lunk
lien
rasp
vita
smear
caid
izar
runt
haul
hauls
hall
halls
sent
kats
sawn
sere
ears
node
nodes
area
clew
ring
acing
aqua
ilea
alls
waif
wyes
haes
segni
swim
stun
sans
odes
game
qats
dawt
dens
tile
yeti
zeal
able
eses
auld
lier
scar
scarf
orle
lins
ides
lude
deco
twig
aces
slier
umps
tass
slat
slating
doat
nuts
waur
maumet
maumets
hest
asea
aside
lati
slat
rets
shut
shute
sister
side
bris
bice
nose
nosey
alae
wite
will
airy
alit
bine
momi
osar
obes
obese
ebon
eats
eses
ichs
biotin
taos
ting
lits
imid
cobnut
cobnuts
sewn
peag
peage
acta
coal
coala
conn
falcon
gats
stag
stage
multistage
clove
clover
love
lover
over
vise
inns
inia
anis
foin
fail
flew
lobs
yowe
commute
commutes
melt
mort
mute
mutes
tail
Words Found Grid #6:
apostle
post
tics
cola
note
nude
teen
unde
under
underutilize
celt
celts
need
needs
nancy
entases
shri
shriving
sate
riving
utilize
tele
teles
etas
litu
lest
stud
quiver
inkle
aquiver
wink
winkle
twin
twinkle
Words Found Grid #7:
fount
then
segni
sons
hinge
hinges
hins
chin
cods
trench
trenching
intrench
intrenching
reis
sierra
osier
ansa
code
gaps
zing
mems
mems
page
whip
mugs
mott
subcode
sora
halcyon
halcyons
Words Found Grid #8:
waws
gree
fore
bout
pact
premed
outby
heeze
heezed
actin
actinism
actinisms
list
dots
mols
semi
colic
tirl
grat
gray
graybeard
graybeards
mura
ruin
luna
slew
slews
moms
zeds
pits
bled
unai
hula
cell
cells
ells
deme
rang
rest
read
isms
lire
arum
axle
jacal
emes
seme
bear
beard
beards
rede
ires
anti
mown
mina
unrest
fulminant
gnar
glycoside
glycosides
zigs
lath
cepe
town
pear
daps
call
sell
ager
agers
akin
iced
gars
polo
male
axal
alee
lamp
bima
bimas
rice
riced
apsis
glen
gest
tall
rede
awed
sawed
ping
psis
inro
morn
blab
bels
stoic
eros
trap
coir
math
thee
expo
zags
pans
pansophies
pair
hems
side
sides
dart
hest
sals
airworthy
bill
basal
yard
deme
prior
ides
fees
larum
bide
ibis
deli
delis
sore
sain
ambo
dees
duck
seed
eddo
pitch
apes
rape
rapes
rapeseed
rind
dree
reis
eats
arum
part
snap
soph
sophies
foot
footworn
deli
dams
sing
mops
itch
trad
tint
teat
teats
tort
trot
hies
wort
worth
worthy
bail
dray
waul
pomp
peri
hogs
chit
vera
mura
mural
hies
list
shall
snug
hall
auld
over
than
thane
spin
nips
reef
trow
worn
echo
kart
kohl
drat
guns
elan
eland
elands
land
lands
ands
dure
hayer
boff
boffo
boffos
leviathan
port
ports
orts
trop
strop
strophe
strophes
post
apostrophe
apostrophes
Words Found Grid #9:
snide
lati
lenes
nide
snuff
idem
rise
tees
tine
dins
demo
ziram
funs
sene
fork
forked
genital
tome
biforked
maes
atom
ambo
sambo
doat
dose
rues
seam
urinogenital
usnea
sene
bier
noise
cole
loos
loose
loosen
ache
Words Found Grid #10:
whale
whalelike
hale
like
dons
dele
coition
idly
came
expel
expels
reexpel
reexpels
fore
stub
site
sites
subs
subsite
subsites
data
dens
seat
ires
gems
king
aced
cede
cesta
deme
neem
embryo
embryon
embryons
hind
keas
kaki
buts
influx
agas
beef
sial
sials
skee
shall
skit
koel
iced
sned
squalid
squalidly
suit
kabs
king
kings
gang
hall
kids
nene
nice
rein
frig
flux
oses
fish
fishes
shes
swive
swives
hear
mise
miser
malm
sine
luxe
saga
wait
cats
friz
ocker
ockers
tail
tails
wive
wives
fard
rick
ricking
dips
dins
secs
slid
slide
sate
tain
ails
lamp
brick
bricking
blip
brig
noel
stain
nidi
ages
subtunic
subtunics
east
toes
erst
ramet
lept
gems
sans
tolu
tuts
owns
post
etas
loos
apex
erst
slue
bine
bines
down
downs
downslide
tolu
floosy
duns
lenes
bota
burs
tunic
tunics
stir
blur
anguine
meta
insert
elms
ness
tiff
sang
sanguine
sanguines
stud
best
gets
mist
logo
redd
linin
nine
haen
brew
best
boob
boobish
gift
dips
fens
gone
goner
count
counter
counters
counterstain
chis
sene
stone
grog
frit
frits
versa
teds
segs
hems
tight
tone
grid
obis
fold
feta
afrit
afrits
over
overs
oversanguine
sins
ossa
boob
bund
kind
hove
hover
hovers
here
aces
cult
culture
eses
zeds
slot
sura
rota
knit
nota
serf
feus
tots
duit
duel
bale
baler
outs
ruse
tern
sard
shin
tori
gate
gatefold
modal
enserf
rout
routs
tree
hast
hall
ashing
mariculture
gens
leud
leuds
dato
doms
myna
mynas
stash
stashing
cast
clam
atom
pome
call
ally
count
counter
natatoria
than
blet
busk
sublet
