Words Found Grid #1:
ados
ager
amen
amis
anes
aped
apolog
arms
aryl
bars
break
burl
burlesquing
byrl
byrls
cads
cans
chin
chow
chows
chowse
chowses
circle
circles
cleat
cleated
clef
coos
curs
dawk
depart
departee
detain
dewy
dirt
disc
diss
dissert
disserts
docs
dolt
dolts
down
dree
dries
drill
duct
dues
dull
dulls
dunt
eagle
eats
educt
effs
effuse
effused
egal
egis
eight
elves
emir
erns
ewer
fans
farm
farms
fess
figs
folia
foliate
fringe
fringes
fuse
fused
gled
gleds
glom
grab
grue
guid
guide
guides
hack
harl
hasp
heal
hens
hern
hint
hints
hist
hock
hows
hunk
hunkier
ictic
ides
infringe
infringes
intrastate
inwind
inwinds
isle
isms
jism
jisms
kier
kiers
kirs
knot
ladron
ladrons
lark
larked
lawn
less
lien
like
limit
lins
lion
lits
litu
lull
lyse
lyses
mean
meat
mend
mesa
mild
mildew
mildewy
mils
misguide
misguides
mode
modern
mono
monofil
mononucleate
nail
naps
near
neem
neif
nema
nerd
ness
nils
nobbiest
noil
nonselves
nucleate
nucleated
otic
owse
parr
part
pelf
pelfs
pepo
perfoliate
pied
pili
pliant
pliantness
polo
port
porter
post
postmodern
push
puss
quad
quadrillion
quin
rami
rape
raped
rare
recircle
recircles
recur
recurs
redo
refs
relit
rely
rent
repo
report
reporter
resign
resigner
resigners
retro
rewed
rice
ricer
rick
rile
rill
rime
ring
rope
roper
ruga
runs
rutile
sals
samba
sambar
sambars
sati
secs
segni
sels
selves
sent
serf
sett
sews
shin
shot
sign
signer
signers
sill
sima
simar
sing
skep
skylark
skylarked
slaw
slim
slot
snack
soda
sols
sone
span
stat
state
stress
strick
stye
styed
style
styler
supe
super
superfarm
superfarms
tael
tahr
tail
tain
tame
tate
tats
tenet
thio
tics
tile
tiler
tilers
toes
toit
trap
tress
tret
trick
trop
trope
trug
tsar
used
utile
wary
weigh
weight
whack
whit
white
wind
winds
wows
yams
yare
zeds
Words Found Grid #2:
ably
aged
agog
airn
amaze
anis
annul
apse
ares
aria
arse
asset
bass
bassi
bedel
blat
bred
calk
cannula
cannulas
chin
clash
coly
conjoin
conjoining
crew
dahs
deed
deeds
demagog
desk
desks
dows
egal
eger
estuary
felt
fish
fishpond
fishponds
fist
fists
fits
flies
fling
foin
force
furl
gall
gama
game
gamed
gnat
gorp
gosh
grue
gums
guns
gunsel
gunsels
hail
hant
heal
heals
here
hire
hires
hoar
hoard
hong
hood
hull
inane
inaneness
inter
inti
ires
join
joining
kaes
kiss
kissably
lares
lash
lati
lees
legs
lies
ling
lings
lock
locker
loop
lord
lory
lyes
mair
maze
metre
mill
moos
mote
motes
mums
nene
ness
nest
nett
news
nose
noses
nows
numb
numbed
ocker
ogam
opes
oses
owns
pard
pats
pias
piffling
pigs
ping
pois
poll
poly
polynya
polynyas
pond
ponds
pool
posh
post
prig
prog
pyrolyze
pyrolyzer
pyrolyzers
rale
raps
relet
rend
rets
rile
rins
rued
sall
sari
seel
sels
sene
sera
seral
serf
sewn
shad
shadow
shadows
shanty
shantytown
shri
sill
silo
sine
sing
sins
sirs
smug
snug
soak
soaker
soakers
sone
soot
sops
spar
spit
sris
sterling
sterlings
stifling
stiflingly
stoa
sublating
subs
tang
tans
tape
tass
tele
ting
tings
tips
toon
town
trass
tret
trets
twit
tyke
ullage
ullaged
upping
urge
urges
user
usher
wens
whet
will
wisp
wont
work
workforce
wren
yare
yoke
Words Found Grid #3:
ably
acta
ager
agin
aging
aiglet
alec
alts
alum
amir
amok
anis
anise
anises
anti
antic
anticlimax
aphasia
aphasias
area
areae
arvo
arvos
aura
auras
auto
away
bail
base
baser
bath
bathe
beam
bell
blip
bort
bros
buck
caleche
caleches
call
card
cart
case
catcall
cees
chess
chid
cine
cines
climax
coke
coss
courlan
cove
cover
covers
crypt
cubs
cull
dais
daisy
data
dead
deads
deco
defi
dene
digs
dimwit
dimwits
dottier
eath
eche
eches
elks
enter
eons
erne
errs
esses
estimate
ewes
exes
eyre
feria
fern
fire
firebug
fires
fizz
fizzes
galumph
galumphed
gasp
gather
gathers
gelt
gems
gemsbuck
ghat
ghis
glia
glochid
gunfire
gunfires
haem
heck
hell
hers
hies
hogg
hols
hone
huts
imaging
ires
jarl
jars
jimp
jugs
kata
keycard
kist
knew
kris
lags
leaf
lean
leanness
leannesses
leas
lech
leches
lehr
leno
lens
lent
lima
ling
lits
loch
look
lord
lump
magi
mast
mate
mils
mise
molt
ness
nesses
nest
nets
nibble
nibbler
nibblers
nisi
nite
nits
nodi
noms
nude
oars
odds
over
overestimate
overs
paring
pecs
peri
phut
phuts
pigweed
plea
pleat
pram
priss
prussianise
prussianises
punk
purr
rack
racks
racy
raps
reef
refs
regather
regathers
relent
rest
rife
rift
ring
robs
rose
rota
salon
same
saps
scot
senna
sere
serif
shea
sine
sing
sings
slew
slim
smut
snag
song
sorb
spar
sparing
sparingly
spas
spur
spurrer
spurrers
sues
suit
suits
tabu
tabulator
tack
tael
tail
talk
tear
tearaway
tearaways
teth
then
tier
tiff
tike
tiling
tire
togs
tokomak
tolu
tori
toss
track
tracks
tracksuit
tracksuits
trek
trull
tufa
twin
twins
twit
unco
uncover
uncovers
unlay
unsparing
unsparingly
veal
versa
view
wait
wash
ways
weed
wich
wink
wins
with
wits
Words Found Grid #4:
aahs
acme
alme
ammo
anes
anew
ants
aper
apers
apes
arcus
area
arts
ates
audit
audition
auditioned
awing
band
bander
banderol
banderole
bees
bled
blin
blind
blinding
body
boil
bolo
buss
cake
calm
cart
cask
cast
chang
chin
cite
coda
confiscator
crew
cris
cross
crosse
crosser
curr
curring
cuss
custard
custards
dado
dawing
delf
dews
ding
doby
dons
drat
drats
duck
elds
elms
emotion
emotional
ends
enfetter
enfettering
erst
etic
eves
expect
expectative
fees
fetter
fettering
fisc
fled
geek
geeks
gens
ghat
ghats
ghee
gies
girl
gnar
hade
hang
hats
heel
helm
helms
hets
hoke
hydro
hydrolyzate
hydrolyzates
icon
kane
kina
knap
knaps
knar
knars
lack
lacs
laps
ling
lithe
lobs
lord
lore
lown
luck
luckily
lyse
mane
manes
mead
meno
merozoite
merozoites
motion
motional
nabs
naps
nest
newt
newts
nine
nisi
none
nonemotional
omen
oots
ordo
orris
otic
oust
outwear
outwearied
pain
palm
palmed
pans
paper
papers
pats
pawn
pecs
peer
pend
pends
pens
perse
pettling
piste
pluck
pluckily
puts
rams
rang
rank
rato
rats
reap
rerun
resid
rhos
rifle
rifled
ring
rise
role
rota
sacs
said
sail
sane
sati
satin
sating
scat
sear
sedan
seen
semi
sers
seta
sets
sett
shes
shri
shrieve
sial
sigh
simmer
sing
sirs
skee
skid
slot
snap
snare
soma
soot
soots
sorn
spae
span
spank
spanker
spankers
spiv
sris
star
strang
stress
stressor
suqs
tact
tads
tape
tardy
tardyon
tardyons
task
test
then
this
tics
ting
tofu
tola
tome
tone
tonetic
tonetics
torr
tress
tups
uses
vast
very
vita
wage
wear
wearied
wench
wend
wends
wham
wing
Words Found Grid #5:
able
aces
ache
acing
acta
agha
airy
akee
alae
alit
alls
anis
aphetic
aqua
area
arse
arses
asea
aside
auld
been
bice
bine
biotin
bris
caid
cats
cent
cite
clew
clove
clover
coal
coala
cobnut
cobnuts
coin
colt
commute
commutes
conn
dawt
deco
dens
dite
doat
dyed
ears
eats
ebon
eche
eras
eses
etic
fail
falcon
fist
flew
foin
game
gats
gene
generous
haem
haes
hags
haik
hall
halls
haul
hauls
hest
hose
ichs
ides
ilea
imid
inia
inns
izar
kats
lati
lien
lier
lins
lits
lobs
lock
love
lover
lude
lunk
mana
maumet
maumets
melt
momi
moon
moons
mort
multistage
mute
mutes
nets
node
nodes
nonpar
nonpareil
nonpareils
nose
nosey
nuts
obes
obese
odes
orle
osar
over
pail
pare
part
peag
peage
prior
qats
raphe
rash
rasp
reek
rets
ring
runt
sans
sawn
scar
scarf
segni
sent
sere
sewn
shut
shute
side
sims
sister
sits
slat
slating
slier
slit
smear
smearer
smearers
sned
squat
squats
stag
stage
stake
staked
stem
stun
sutra
swim
tail
take
taos
tass
tent
tike
tile
tils
ting
trap
turn
turnhall
turnhalls
tweak
twig
umps
vise
vita
waif
waur
weak
will
wite
wrap
wyes
yeti
yowe
zeal
Words Found Grid #6:
apostle
aquiver
celt
celts
cola
entases
etas
inkle
lest
litu
nancy
need
needs
note
nude
post
quiver
riving
sate
shri
shriving
stud
teen
tele
teles
tics
twin
twinkle
unde
under
underutilize
utilize
wink
winkle
Words Found Grid #7:
ansa
chin
code
cods
fount
gaps
halcyon
halcyons
hinge
hinges
hins
intrench
intrenching
mems
mott
mugs
osier
page
reis
segni
sierra
sons
sora
subcode
then
trench
trenching
whip
zing
Words Found Grid #8:
actin
actinism
actinisms
ager
agers
airworthy
akin
alee
ambo
ands
anti
apes
apostrophe
apostrophes
apsis
arum
auld
awed
axal
axle
bail
basal
bear
beard
beards
bels
bide
bill
bima
bimas
blab
bled
boff
boffo
boffos
bout
call
cell
cells
cepe
chit
coir
colic
dams
daps
dart
dees
deli
delis
deme
dots
drat
dray
dree
duck
dure
eats
echo
eddo
elan
eland
elands
ells
emes
eros
expo
fees
foot
footworn
fore
fulminant
gars
gest
glen
glycoside
glycosides
gnar
grat
gray
graybeard
graybeards
gree
guns
hall
hayer
heeze
heezed
hems
hest
hies
hogs
hula
ibis
iced
ides
inro
ires
isms
itch
jacal
kart
kohl
lamp
land
lands
larum
lath
leviathan
lire
list
luna
male
math
mina
mols
moms
mops
morn
mown
mura
mural
nips
orts
outby
over
pact
pair
pans
pansophies
part
pear
peri
ping
pitch
pits
polo
pomp
port
ports
post
premed
prior
psis
rang
rape
rapes
rapeseed
read
rede
reef
reis
rest
rice
riced
rind
ruin
sain
sals
sawed
seed
sell
seme
semi
shall
side
sides
sing
slew
slews
snap
snug
soph
sophies
sore
spin
stoic
strop
strophe
strophes
tall
teat
teats
than
thane
thee
tint
tirl
tort
town
trad
trap
trop
trot
trow
unai
unrest
vera
waul
waws
worn
wort
worth
worthy
yard
zags
zeds
zigs
Words Found Grid #9:
ache
ambo
atom
bier
biforked
cole
demo
dins
doat
dose
fork
forked
funs
genital
idem
lati
lenes
loos
loose
loosen
maes
nide
noise
rise
rues
sambo
seam
sene
snide
snuff
tees
tine
tome
urinogenital
usnea
ziram
Words Found Grid #10:
aced
aces
afrit
afrits
agas
ages
ails
ally
anguine
apex
ashing
atom
bale
baler
beef
best
bine
bines
blet
blip
blur
boob
boobish
bota
brew
brick
bricking
brig
bund
burs
busk
buts
call
came
cast
cats
cede
cesta
chis
clam
coition
count
counter
counters
counterstain
cult
culture
data
dato
dele
deme
dens
dins
dips
doms
dons
down
downs
downslide
duel
duit
duns
east
elms
embryo
embryon
embryons
enserf
erst
eses
etas
expel
expels
fard
fens
feta
feus
fish
fishes
floosy
flux
fold
fore
frig
frit
frits
friz
gang
gate
gatefold
gems
gens
gets
gift
gone
goner
grid
grog
haen
hale
hall
hast
hear
hems
here
hind
hove
hover
hovers
iced
idly
influx
insert
ires
kabs
kaki
keas
kids
kind
king
kings
knit
koel
lamp
lenes
lept
leud
leuds
like
linin
logo
loos
luxe
malm
mariculture
meta
mise
miser
mist
modal
myna
mynas
natatoria
neem
nene
ness
nice
nidi
nine
noel
nota
obis
ocker
ockers
oses
ossa
outs
over
overs
oversanguine
owns
pome
post
ramet
redd
reexpel
reexpels
rein
rick
ricking
rota
rout
routs
ruse
saga
sang
sanguine
sanguines
sans
sard
sate
seat
secs
segs
sene
serf
shall
shes
shin
sial
sials
sine
sins
site
sites
skee
skit
slid
slide
slot
slue
sned
squalid
squalidly
stain
stash
stashing
stir
stone
stub
stud
sublet
subs
subsite
subsites
subtunic
subtunics
suit
sura
swive
swives
tail
tails
tain
teds
tern
than
tiff
tight
toes
tolu
tone
tori
tots
tree
tunic
tunics
tuts
versa
wait
whale
whalelike
wive
wives
zeds
