Words Found Grid #1:
ably
acyl
adze
aeon
aero
agog
agon
alba
alga
amas
amid
anes
anoa
anon
atma
auks
auld
aves
azlon
baba
bags
bail
bals
balsa
bats
baud
beef
been
bias
blip
bore
brae
brain
bran
buds
buff
cads
cafe
ciao
clop
cloy
coed
cook
coos
coup
coxa
curl
dart
dawt
ding
dirl
disk
dogy
door
dopy
doum
dray
dread
duos
dura
duro
earl
ease
eath
eaux
eide
emeu
eses
espy
exes
eyed
eyer
feme
fend
fico
fits
fora
fuze
gaud
gaun
gave
give
glut
goop
gran
guan
guar
gude
gyms
haaf
haha
half
haut
haute
heil
hies
hoof
hula
idea
idem
ides
ilea
ixia
java
jays
jeon
jete
jiao
jibb
juju
junto
juntos
kabs
kava
kens
kill
kilo
kola
kors
koto
laze
leas
lease
like
lock
loos
loud
louie
luau
lust
mags
maigre
mate
menu
meou
migg
mile
mind
mold
moot
move
muck
near
nett
nils
nisi
nodi
nona
none
oared
obia
obis
older
only
ooze
outdo
pair
peon
pili
pion
plus
poem
poof
pray
pree
pugh
quad
rain
rash
read
ream
rebbe
roes
rood
rook
rope
rose
ruin
sadi
sail
saul
seas
seek
sham
shod
skua
slab
slot
snob
sock
soup
stab
stye
subs
suet
swat
swig
taws
team
tern
thio
thou
tiny
toil
toom
tout
trad
twat
ugly
ulna
unai
unmix
unto
urea
usnea
utas
veal
vida
vine
void
wade
wags
wait
warn
wear
wire
wiry
wish
wite
woad
wogs
worm
yard
yeah
year
yids
zoom
zoon
