Words Found Grid #1:
hies
like
kilo
duos
woad
auks
alga
skua
shod
aeon
brain
subs
pion
pair
eyer
worm
rain
ciao
aeon
haha
taws
kors
loud
rash
kola
wear
snob
nodi
doum
clop
ruin
read
anoa
swat
dray
stye
sock
half
guar
glut
dread
buds
eaux
gyms
tout
outdo
buff
zoom
ooze
bias
sadi
utas
duro
yard
goop
fico
unai
unai
fend
twat
eath
fits
poof
hoof
nett
coed
wogs
rook
tern
pree
suet
thou
kill
beef
warn
feme
meou
mags
migg
usnea
wags
obis
zoon
year
team
kens
pugh
mile
ilea
leas
lease
ease
anes
bran
ulna
unmix
ugly
gude
gran
near
wire
wear
moot
aero
ream
bore
eses
earl
door
rood
only
haut
haute
poem
bags
bals
balsa
slab
coxa
obia
aves
emeu
toom
eide
brae
blip
ides
kabs
curl
loos
dopy
ding
void
jete
move
luau
rope
rose
vida
idem
quad
coos
cafe
trad
azlon
agon
unto
lock
older
haaf
ixia
junto
juntos
vine
anon
pili
seek
java
yids
disk
give
cloy
dogy
dart
mate
none
sail
swig
ixia
wish
tiny
nona
mags
menu
acyl
agog
amid
wite
hula
auld
plus
soup
maigre
exes
espy
lust
cook
koto
laze
eyed
dawt
dirl
wade
heil
slot
alga
jays
stab
ixia
nisi
toil
fora
jiao
seas
rebbe
bats
dura
oared
peon
baud
wiry
mind
been
roes
guan
urea
bail
wait
jibb
adze
gave
yeah
ably
nils
gaun
kava
mold
pray
baba
amas
atma
thio
idea
coup
muck
saul
sham
cads
jeon
juju
veal
fuze
gaud
louie
alba
